Analysis & Synthesis report for sramdisplay
Thu Aug 29 13:28:34 2024
Quartus Prime Version 23.1std.1 Build 993 05/14/2024 SC Lite Edition


---------------------
; Table of Contents ;
---------------------
  1. Legal Notice
  2. Analysis & Synthesis Summary
  3. Analysis & Synthesis Settings
  4. Parallel Compilation
  5. Analysis & Synthesis Source Files Read
  6. Analysis & Synthesis Resource Usage Summary
  7. Analysis & Synthesis Resource Utilization by Entity
  8. State Machine - |top_module|memorycontroller:ctl|state
  9. General Register Statistics
 10. Inverted Register Statistics
 11. Multiplexer Restructuring Statistics (Restructuring Performed)
 12. Port Connectivity Checks: "memorycontroller:ctl"
 13. Post-Synthesis Netlist Statistics for Top Partition
 14. Elapsed Time Per Partition
 15. Analysis & Synthesis Messages



----------------
; Legal Notice ;
----------------
Copyright (C) 2024  Intel Corporation. All rights reserved.
Your use of Intel Corporation's design tools, logic functions 
and other software and tools, and any partner logic 
functions, and any output files from any of the foregoing 
(including device programming or simulation files), and any 
associated documentation or information are expressly subject 
to the terms and conditions of the Intel Program License 
Subscription Agreement, the Intel Quartus Prime License Agreement,
the Intel FPGA IP License Agreement, or other applicable license
agreement, including, without limitation, that your use is for
the sole purpose of programming logic devices manufactured by
Intel and sold by Intel or its authorized distributors.  Please
refer to the applicable agreement for further details, at
https://fpgasoftware.intel.com/eula.



+-------------------------------------------------------------------------------------+
; Analysis & Synthesis Summary                                                        ;
+------------------------------------+------------------------------------------------+
; Analysis & Synthesis Status        ; Successful - Thu Aug 29 13:28:34 2024          ;
; Quartus Prime Version              ; 23.1std.1 Build 993 05/14/2024 SC Lite Edition ;
; Revision Name                      ; sramdisplay                                    ;
; Top-level Entity Name              ; top_module                                     ;
; Family                             ; Cyclone IV E                                   ;
; Total logic elements               ; 47                                             ;
;     Total combinational functions  ; 20                                             ;
;     Dedicated logic registers      ; 32                                             ;
; Total registers                    ; 32                                             ;
; Total pins                         ; 78                                             ;
; Total virtual pins                 ; 0                                              ;
; Total memory bits                  ; 0                                              ;
; Embedded Multiplier 9-bit elements ; 0                                              ;
; Total PLLs                         ; 0                                              ;
+------------------------------------+------------------------------------------------+


+------------------------------------------------------------------------------------------------------------+
; Analysis & Synthesis Settings                                                                              ;
+------------------------------------------------------------------+--------------------+--------------------+
; Option                                                           ; Setting            ; Default Value      ;
+------------------------------------------------------------------+--------------------+--------------------+
; Device                                                           ; EP4CE115F29C7      ;                    ;
; Top-level entity name                                            ; top_module         ; sramdisplay        ;
; Family name                                                      ; Cyclone IV E       ; Cyclone V          ;
; VHDL Show LMF Mapping Messages                                   ; Off                ;                    ;
; VHDL Version                                                     ; VHDL_2008          ; VHDL_1993          ;
; Use smart compilation                                            ; Off                ; Off                ;
; Enable parallel Assembler and Timing Analyzer during compilation ; On                 ; On                 ;
; Enable compact report table                                      ; Off                ; Off                ;
; Restructure Multiplexers                                         ; Auto               ; Auto               ;
; Create Debugging Nodes for IP Cores                              ; Off                ; Off                ;
; Preserve fewer node names                                        ; On                 ; On                 ;
; Intel FPGA IP Evaluation Mode                                    ; Enable             ; Enable             ;
; Verilog Version                                                  ; Verilog_2001       ; Verilog_2001       ;
; State Machine Processing                                         ; Auto               ; Auto               ;
; Safe State Machine                                               ; Off                ; Off                ;
; Extract Verilog State Machines                                   ; On                 ; On                 ;
; Extract VHDL State Machines                                      ; On                 ; On                 ;
; Ignore Verilog initial constructs                                ; Off                ; Off                ;
; Iteration limit for constant Verilog loops                       ; 5000               ; 5000               ;
; Iteration limit for non-constant Verilog loops                   ; 250                ; 250                ;
; Add Pass-Through Logic to Inferred RAMs                          ; On                 ; On                 ;
; Infer RAMs from Raw Logic                                        ; On                 ; On                 ;
; Parallel Synthesis                                               ; On                 ; On                 ;
; DSP Block Balancing                                              ; Auto               ; Auto               ;
; NOT Gate Push-Back                                               ; On                 ; On                 ;
; Power-Up Don't Care                                              ; On                 ; On                 ;
; Remove Redundant Logic Cells                                     ; Off                ; Off                ;
; Remove Duplicate Registers                                       ; On                 ; On                 ;
; Ignore CARRY Buffers                                             ; Off                ; Off                ;
; Ignore CASCADE Buffers                                           ; Off                ; Off                ;
; Ignore GLOBAL Buffers                                            ; Off                ; Off                ;
; Ignore ROW GLOBAL Buffers                                        ; Off                ; Off                ;
; Ignore LCELL Buffers                                             ; Off                ; Off                ;
; Ignore SOFT Buffers                                              ; On                 ; On                 ;
; Limit AHDL Integers to 32 Bits                                   ; Off                ; Off                ;
; Optimization Technique                                           ; Balanced           ; Balanced           ;
; Carry Chain Length                                               ; 70                 ; 70                 ;
; Auto Carry Chains                                                ; On                 ; On                 ;
; Auto Open-Drain Pins                                             ; On                 ; On                 ;
; Perform WYSIWYG Primitive Resynthesis                            ; Off                ; Off                ;
; Auto ROM Replacement                                             ; On                 ; On                 ;
; Auto RAM Replacement                                             ; On                 ; On                 ;
; Auto DSP Block Replacement                                       ; On                 ; On                 ;
; Auto Shift Register Replacement                                  ; Auto               ; Auto               ;
; Allow Shift Register Merging across Hierarchies                  ; Auto               ; Auto               ;
; Auto Clock Enable Replacement                                    ; On                 ; On                 ;
; Strict RAM Replacement                                           ; Off                ; Off                ;
; Allow Synchronous Control Signals                                ; On                 ; On                 ;
; Force Use of Synchronous Clear Signals                           ; Off                ; Off                ;
; Auto RAM Block Balancing                                         ; On                 ; On                 ;
; Auto RAM to Logic Cell Conversion                                ; Off                ; Off                ;
; Auto Resource Sharing                                            ; Off                ; Off                ;
; Allow Any RAM Size For Recognition                               ; Off                ; Off                ;
; Allow Any ROM Size For Recognition                               ; Off                ; Off                ;
; Allow Any Shift Register Size For Recognition                    ; Off                ; Off                ;
; Use LogicLock Constraints during Resource Balancing              ; On                 ; On                 ;
; Ignore translate_off and synthesis_off directives                ; Off                ; Off                ;
; Timing-Driven Synthesis                                          ; On                 ; On                 ;
; Report Parameter Settings                                        ; On                 ; On                 ;
; Report Source Assignments                                        ; On                 ; On                 ;
; Report Connectivity Checks                                       ; On                 ; On                 ;
; Ignore Maximum Fan-Out Assignments                               ; Off                ; Off                ;
; Synchronization Register Chain Length                            ; 2                  ; 2                  ;
; Power Optimization During Synthesis                              ; Normal compilation ; Normal compilation ;
; HDL message level                                                ; Level2             ; Level2             ;
; Suppress Register Optimization Related Messages                  ; Off                ; Off                ;
; Number of Removed Registers Reported in Synthesis Report         ; 5000               ; 5000               ;
; Number of Swept Nodes Reported in Synthesis Report               ; 5000               ; 5000               ;
; Number of Inverted Registers Reported in Synthesis Report        ; 100                ; 100                ;
; Clock MUX Protection                                             ; On                 ; On                 ;
; Auto Gated Clock Conversion                                      ; Off                ; Off                ;
; Block Design Naming                                              ; Auto               ; Auto               ;
; SDC constraint protection                                        ; Off                ; Off                ;
; Synthesis Effort                                                 ; Auto               ; Auto               ;
; Shift Register Replacement - Allow Asynchronous Clear Signal     ; On                 ; On                 ;
; Pre-Mapping Resynthesis Optimization                             ; Off                ; Off                ;
; Analysis & Synthesis Message Level                               ; Medium             ; Medium             ;
; Disable Register Merging Across Hierarchies                      ; Auto               ; Auto               ;
; Resource Aware Inference For Block RAM                           ; On                 ; On                 ;
+------------------------------------------------------------------+--------------------+--------------------+


+------------------------------------------+
; Parallel Compilation                     ;
+----------------------------+-------------+
; Processors                 ; Number      ;
+----------------------------+-------------+
; Number detected on machine ; 8           ;
; Maximum allowed            ; 4           ;
;                            ;             ;
; Average used               ; 1.00        ;
; Maximum used               ; 4           ;
;                            ;             ;
; Usage by Processor         ; % Time Used ;
;     Processor 1            ; 100.0%      ;
;     Processors 2-4         ;   0.0%      ;
+----------------------------+-------------+


+-------------------------------------------------------------------------------------------------------------------------------------------+
; Analysis & Synthesis Source Files Read                                                                                                    ;
+----------------------------------+-----------------+-----------------+----------------------------------------------------------+---------+
; File Name with User-Entered Path ; Used in Netlist ; File Type       ; File Name with Absolute Path                             ; Library ;
+----------------------------------+-----------------+-----------------+----------------------------------------------------------+---------+
; seg7.vhd                         ; yes             ; User VHDL File  ; C:/intelFPGA_lite/Internship/SRAM_FPGA/seg7.vhd          ;         ;
; memcontroller.vhd                ; yes             ; User VHDL File  ; C:/intelFPGA_lite/Internship/SRAM_FPGA/memcontroller.vhd ;         ;
; top_module.vhd                   ; yes             ; User VHDL File  ; C:/intelFPGA_lite/Internship/SRAM_FPGA/top_module.vhd    ;         ;
+----------------------------------+-----------------+-----------------+----------------------------------------------------------+---------+


+---------------------------------------------------------+
; Analysis & Synthesis Resource Usage Summary             ;
+---------------------------------------------+-----------+
; Resource                                    ; Usage     ;
+---------------------------------------------+-----------+
; Estimated Total logic elements              ; 47        ;
;                                             ;           ;
; Total combinational functions               ; 20        ;
; Logic element usage by number of LUT inputs ;           ;
;     -- 4 input functions                    ; 17        ;
;     -- 3 input functions                    ; 2         ;
;     -- <=2 input functions                  ; 1         ;
;                                             ;           ;
; Logic elements by mode                      ;           ;
;     -- normal mode                          ; 20        ;
;     -- arithmetic mode                      ; 0         ;
;                                             ;           ;
; Total registers                             ; 32        ;
;     -- Dedicated logic registers            ; 32        ;
;     -- I/O registers                        ; 0         ;
;                                             ;           ;
; I/O pins                                    ; 78        ;
;                                             ;           ;
; Embedded Multiplier 9-bit elements          ; 0         ;
;                                             ;           ;
; Maximum fan-out node                        ; clk~input ;
; Maximum fan-out                             ; 32        ;
; Total fan-out                               ; 330       ;
; Average fan-out                             ; 1.47      ;
+---------------------------------------------+-----------+


+----------------------------------------------------------------------------------------------------------------------------------------------------------------------------------------------------------------------------+
; Analysis & Synthesis Resource Utilization by Entity                                                                                                                                                                        ;
+----------------------------+---------------------+---------------------------+-------------+--------------+---------+-----------+------+--------------+----------------------------------+------------------+--------------+
; Compilation Hierarchy Node ; Combinational ALUTs ; Dedicated Logic Registers ; Memory Bits ; DSP Elements ; DSP 9x9 ; DSP 18x18 ; Pins ; Virtual Pins ; Full Hierarchy Name              ; Entity Name      ; Library Name ;
+----------------------------+---------------------+---------------------------+-------------+--------------+---------+-----------+------+--------------+----------------------------------+------------------+--------------+
; |top_module                ; 20 (0)              ; 32 (0)                    ; 0           ; 0            ; 0       ; 0         ; 78   ; 0            ; |top_module                      ; top_module       ; work         ;
;    |memorycontroller:ctl|  ; 6 (6)               ; 32 (32)                   ; 0           ; 0            ; 0       ; 0         ; 0    ; 0            ; |top_module|memorycontroller:ctl ; memorycontroller ; work         ;
;    |seg7:dp1|              ; 7 (7)               ; 0 (0)                     ; 0           ; 0            ; 0       ; 0         ; 0    ; 0            ; |top_module|seg7:dp1             ; seg7             ; work         ;
;    |seg7:dp2|              ; 7 (7)               ; 0 (0)                     ; 0           ; 0            ; 0       ; 0         ; 0    ; 0            ; |top_module|seg7:dp2             ; seg7             ; work         ;
+----------------------------+---------------------+---------------------------+-------------+--------------+---------+-----------+------+--------------+----------------------------------+------------------+--------------+
Note: For table entries with two numbers listed, the numbers in parentheses indicate the number of resources of the given type used by the specific entity alone. The numbers listed outside of parentheses indicate the total resources of the given type used by the specific entity and all of its sub-entities in the hierarchy.


Encoding Type:  One-Hot
+---------------------------------------------------------------------+
; State Machine - |top_module|memorycontroller:ctl|state              ;
+------------+----------+----------+----------+----------+------------+
; Name       ; state.w2 ; state.w1 ; state.r2 ; state.r1 ; state.idle ;
+------------+----------+----------+----------+----------+------------+
; state.idle ; 0        ; 0        ; 0        ; 0        ; 0          ;
; state.r1   ; 0        ; 0        ; 0        ; 1        ; 1          ;
; state.r2   ; 0        ; 0        ; 1        ; 0        ; 1          ;
; state.w1   ; 0        ; 1        ; 0        ; 0        ; 1          ;
; state.w2   ; 1        ; 0        ; 0        ; 0        ; 1          ;
+------------+----------+----------+----------+----------+------------+


+------------------------------------------------------+
; General Register Statistics                          ;
+----------------------------------------------+-------+
; Statistic                                    ; Value ;
+----------------------------------------------+-------+
; Total registers                              ; 32    ;
; Number of registers using Synchronous Clear  ; 0     ;
; Number of registers using Synchronous Load   ; 0     ;
; Number of registers using Asynchronous Clear ; 32    ;
; Number of registers using Asynchronous Load  ; 0     ;
; Number of registers using Clock Enable       ; 24    ;
; Number of registers using Preset             ; 0     ;
+----------------------------------------------+-------+


+--------------------------------------------------+
; Inverted Register Statistics                     ;
+----------------------------------------+---------+
; Inverted Register                      ; Fan out ;
+----------------------------------------+---------+
; memorycontroller:ctl|we_reg            ; 1       ;
; memorycontroller:ctl|oe_reg            ; 1       ;
; memorycontroller:ctl|tri_reg           ; 8       ;
; Total number of inverted registers = 3 ;         ;
+----------------------------------------+---------+


+-------------------------------------------------------------------------------------------------------------------------------------------------------------+
; Multiplexer Restructuring Statistics (Restructuring Performed)                                                                                              ;
+--------------------+-----------+---------------+----------------------+------------------------+------------+-----------------------------------------------+
; Multiplexer Inputs ; Bus Width ; Baseline Area ; Area if Restructured ; Saving if Restructured ; Registered ; Example Multiplexer Output                    ;
+--------------------+-----------+---------------+----------------------+------------------------+------------+-----------------------------------------------+
; 3:1                ; 2 bits    ; 4 LEs         ; 2 LEs                ; 2 LEs                  ; No         ; |top_module|memorycontroller:ctl|nextstate.r1 ;
+--------------------+-----------+---------------+----------------------+------------------------+------------+-----------------------------------------------+


+---------------------------------------------------------------------------------------------------------------------+
; Port Connectivity Checks: "memorycontroller:ctl"                                                                    ;
+-----------+--------+----------+-------------------------------------------------------------------------------------+
; Port      ; Type   ; Severity ; Details                                                                             ;
+-----------+--------+----------+-------------------------------------------------------------------------------------+
; data_read ; Output ; Info     ; Connected to dangling logic. Logic that only feeds a dangling port will be removed. ;
; ready     ; Output ; Info     ; Connected to dangling logic. Logic that only feeds a dangling port will be removed. ;
+-----------+--------+----------+-------------------------------------------------------------------------------------+


+-----------------------------------------------------+
; Post-Synthesis Netlist Statistics for Top Partition ;
+-----------------------+-----------------------------+
; Type                  ; Count                       ;
+-----------------------+-----------------------------+
; boundary_port         ; 78                          ;
; cycloneiii_ff         ; 32                          ;
;     CLR               ; 8                           ;
;     ENA CLR           ; 24                          ;
; cycloneiii_io_obuf    ; 16                          ;
; cycloneiii_lcell_comb ; 25                          ;
;     normal            ; 25                          ;
;         0 data inputs ; 1                           ;
;         1 data inputs ; 4                           ;
;         2 data inputs ; 1                           ;
;         3 data inputs ; 2                           ;
;         4 data inputs ; 17                          ;
;                       ;                             ;
; Max LUT depth         ; 2.00                        ;
; Average LUT depth     ; 0.52                        ;
+-----------------------+-----------------------------+


+-------------------------------+
; Elapsed Time Per Partition    ;
+----------------+--------------+
; Partition Name ; Elapsed Time ;
+----------------+--------------+
; Top            ; 00:00:00     ;
+----------------+--------------+


+-------------------------------+
; Analysis & Synthesis Messages ;
+-------------------------------+
Info: *******************************************************************
Info: Running Quartus Prime Analysis & Synthesis
    Info: Version 23.1std.1 Build 993 05/14/2024 SC Lite Edition
    Info: Processing started: Thu Aug 29 13:28:00 2024
Info: Command: quartus_map --read_settings_files=on --write_settings_files=off SRAM_FPGA -c sramdisplay
Warning (18236): Number of processors has not been specified which may cause overloading on shared machines.  Set the global assignment NUM_PARALLEL_PROCESSORS in your QSF to an appropriate value for best performance.
Info (20030): Parallel compilation is enabled and will use 4 of the 4 processors detected
Info (12021): Found 2 design units, including 1 entities, in source file sramdisplay.vhd
    Info (12022): Found design unit 1: sramdisplay-synth File: C:/intelFPGA_lite/Internship/SRAM_FPGA/sramdisplay.vhd Line: 25
    Info (12023): Found entity 1: sramdisplay File: C:/intelFPGA_lite/Internship/SRAM_FPGA/sramdisplay.vhd Line: 3
Info (12021): Found 2 design units, including 1 entities, in source file seg7.vhd
    Info (12022): Found design unit 1: seg7-synth File: C:/intelFPGA_lite/Internship/SRAM_FPGA/seg7.vhd Line: 8
    Info (12023): Found entity 1: seg7 File: C:/intelFPGA_lite/Internship/SRAM_FPGA/seg7.vhd Line: 3
Info (12021): Found 2 design units, including 1 entities, in source file memcontroller.vhd
    Info (12022): Found design unit 1: memorycontroller-synth File: C:/intelFPGA_lite/Internship/SRAM_FPGA/memcontroller.vhd Line: 18
    Info (12023): Found entity 1: memorycontroller File: C:/intelFPGA_lite/Internship/SRAM_FPGA/memcontroller.vhd Line: 3
Info (12021): Found 2 design units, including 1 entities, in source file top_module.vhd
    Info (12022): Found design unit 1: top_module-synth File: C:/intelFPGA_lite/Internship/SRAM_FPGA/top_module.vhd Line: 19
    Info (12023): Found entity 1: top_module File: C:/intelFPGA_lite/Internship/SRAM_FPGA/top_module.vhd Line: 3
Info (12127): Elaborating entity "top_module" for the top level hierarchy
Warning (10036): Verilog HDL or VHDL warning at top_module.vhd(44): object "data_read" assigned a value but never read File: C:/intelFPGA_lite/Internship/SRAM_FPGA/top_module.vhd Line: 44
Warning (10036): Verilog HDL or VHDL warning at top_module.vhd(45): object "ready" assigned a value but never read File: C:/intelFPGA_lite/Internship/SRAM_FPGA/top_module.vhd Line: 45
Info (12128): Elaborating entity "memorycontroller" for hierarchy "memorycontroller:ctl" File: C:/intelFPGA_lite/Internship/SRAM_FPGA/top_module.vhd Line: 62
Info (12128): Elaborating entity "seg7" for hierarchy "seg7:dp1" File: C:/intelFPGA_lite/Internship/SRAM_FPGA/top_module.vhd Line: 63
Warning (13032): The following tri-state nodes are fed by constants
    Warning (13033): The pin "dio[8]" is fed by GND File: C:/intelFPGA_lite/Internship/SRAM_FPGA/top_module.vhd Line: 11
    Warning (13033): The pin "dio[9]" is fed by GND File: C:/intelFPGA_lite/Internship/SRAM_FPGA/top_module.vhd Line: 11
    Warning (13033): The pin "dio[10]" is fed by GND File: C:/intelFPGA_lite/Internship/SRAM_FPGA/top_module.vhd Line: 11
    Warning (13033): The pin "dio[11]" is fed by GND File: C:/intelFPGA_lite/Internship/SRAM_FPGA/top_module.vhd Line: 11
    Warning (13033): The pin "dio[12]" is fed by GND File: C:/intelFPGA_lite/Internship/SRAM_FPGA/top_module.vhd Line: 11
    Warning (13033): The pin "dio[13]" is fed by GND File: C:/intelFPGA_lite/Internship/SRAM_FPGA/top_module.vhd Line: 11
    Warning (13033): The pin "dio[14]" is fed by GND File: C:/intelFPGA_lite/Internship/SRAM_FPGA/top_module.vhd Line: 11
    Warning (13033): The pin "dio[15]" is fed by GND File: C:/intelFPGA_lite/Internship/SRAM_FPGA/top_module.vhd Line: 11
Info (13000): Registers with preset signals will power-up high File: C:/intelFPGA_lite/Internship/SRAM_FPGA/memcontroller.vhd Line: 28
Info (13003): DEV_CLRn pin will set, and not reset, register with preset signal due to NOT Gate Push-Back
Warning (13024): Output pins are stuck at VCC or GND
    Warning (13410): Pin "ad[8]" is stuck at GND File: C:/intelFPGA_lite/Internship/SRAM_FPGA/top_module.vhd Line: 10
    Warning (13410): Pin "ad[9]" is stuck at GND File: C:/intelFPGA_lite/Internship/SRAM_FPGA/top_module.vhd Line: 10
    Warning (13410): Pin "ad[10]" is stuck at GND File: C:/intelFPGA_lite/Internship/SRAM_FPGA/top_module.vhd Line: 10
    Warning (13410): Pin "ad[11]" is stuck at GND File: C:/intelFPGA_lite/Internship/SRAM_FPGA/top_module.vhd Line: 10
    Warning (13410): Pin "ad[12]" is stuck at GND File: C:/intelFPGA_lite/Internship/SRAM_FPGA/top_module.vhd Line: 10
    Warning (13410): Pin "ad[13]" is stuck at GND File: C:/intelFPGA_lite/Internship/SRAM_FPGA/top_module.vhd Line: 10
    Warning (13410): Pin "ad[14]" is stuck at GND File: C:/intelFPGA_lite/Internship/SRAM_FPGA/top_module.vhd Line: 10
    Warning (13410): Pin "ad[15]" is stuck at GND File: C:/intelFPGA_lite/Internship/SRAM_FPGA/top_module.vhd Line: 10
    Warning (13410): Pin "ad[16]" is stuck at GND File: C:/intelFPGA_lite/Internship/SRAM_FPGA/top_module.vhd Line: 10
    Warning (13410): Pin "ad[17]" is stuck at GND File: C:/intelFPGA_lite/Internship/SRAM_FPGA/top_module.vhd Line: 10
    Warning (13410): Pin "ad[18]" is stuck at GND File: C:/intelFPGA_lite/Internship/SRAM_FPGA/top_module.vhd Line: 10
    Warning (13410): Pin "ad[19]" is stuck at GND File: C:/intelFPGA_lite/Internship/SRAM_FPGA/top_module.vhd Line: 10
    Warning (13410): Pin "ce_n" is stuck at GND File: C:/intelFPGA_lite/Internship/SRAM_FPGA/top_module.vhd Line: 12
    Warning (13410): Pin "lb_n" is stuck at GND File: C:/intelFPGA_lite/Internship/SRAM_FPGA/top_module.vhd Line: 12
    Warning (13410): Pin "ub_n" is stuck at GND File: C:/intelFPGA_lite/Internship/SRAM_FPGA/top_module.vhd Line: 12
Info (286030): Timing-Driven Synthesis is running
Warning (20013): Ignored 19 assignments for entity "sram1" -- entity does not exist in design
    Warning (20014): Assignment for entity set_global_assignment -name IP_GENERATED_DEVICE_FAMILY "\{Cyclone IV E\}" -entity sram1 -library sram1 was ignored
    Warning (20014): Assignment for entity set_global_assignment -name IP_TARGETED_DEVICE_FAMILY "Cyclone IV E" -entity sram1 -library sram1 was ignored
    Warning (20014): Assignment for entity set_global_assignment -name IP_QSYS_MODE STANDALONE -entity sram1 -library sram1 was ignored
    Warning (20014): Assignment for entity set_global_assignment -name IP_TOOL_NAME Qsys -entity sram1 -library sram1 was ignored
    Warning (20014): Assignment for entity set_global_assignment -name IP_TOOL_VERSION 23.1 -entity sram1 -library sram1 was ignored
    Warning (20014): Assignment for entity set_global_assignment -name IP_TOOL_ENV Qsys -entity sram1 -library sram1 was ignored
    Warning (20014): Assignment for entity set_global_assignment -name SLD_INFO "QSYS_NAME sram1 HAS_SOPCINFO 1 GENERATION_ID 1724651355" -entity sram1 -library sram1 was ignored
Info (16010): Generating hard_block partition "hard_block:auto_generated_inst"
    Info (16011): Adding 0 node(s), including 0 DDIO, 0 PLL, 0 transceiver and 0 LCELL
Warning (21074): Design contains 3 input pin(s) that do not drive logic
    Warning (15610): No output dependent on input pin "tsw[16]" File: C:/intelFPGA_lite/Internship/SRAM_FPGA/top_module.vhd Line: 6
    Warning (15610): No output dependent on input pin "tsw[17]" File: C:/intelFPGA_lite/Internship/SRAM_FPGA/top_module.vhd Line: 6
    Warning (15610): No output dependent on input pin "psw[1]" File: C:/intelFPGA_lite/Internship/SRAM_FPGA/top_module.vhd Line: 7
Info (21057): Implemented 126 device resources after synthesis - the final resource count might be different
    Info (21058): Implemented 23 input pins
    Info (21059): Implemented 39 output pins
    Info (21060): Implemented 16 bidirectional pins
    Info (21061): Implemented 48 logic cells
Info: Quartus Prime Analysis & Synthesis was successful. 0 errors, 40 warnings
    Info: Peak virtual memory: 4812 megabytes
    Info: Processing ended: Thu Aug 29 13:28:34 2024
    Info: Elapsed time: 00:00:34
    Info: Total CPU time (on all processors): 00:00:28


