Assembler report for sramdisplay
<<<<<<< HEAD
Thu Sep 12 11:05:44 2024
=======
Thu Sep 12 10:06:35 2024
>>>>>>> 9cea7b3c11b2e9ccfe0f368c8112d0e03173352b
Quartus Prime Version 23.1std.1 Build 993 05/14/2024 SC Lite Edition


---------------------
; Table of Contents ;
---------------------
  1. Legal Notice
  2. Assembler Summary
  3. Assembler Settings
  4. Assembler Generated Files
  5. Assembler Device Options: C:/intelFPGA_lite/Internship/SRAM_LCD_FPGA/output_files/sramdisplay.sof
  6. Assembler Messages



----------------
; Legal Notice ;
----------------
Copyright (C) 2024  Intel Corporation. All rights reserved.
Your use of Intel Corporation's design tools, logic functions 
and other software and tools, and any partner logic 
functions, and any output files from any of the foregoing 
(including device programming or simulation files), and any 
associated documentation or information are expressly subject 
to the terms and conditions of the Intel Program License 
Subscription Agreement, the Intel Quartus Prime License Agreement,
the Intel FPGA IP License Agreement, or other applicable license
agreement, including, without limitation, that your use is for
the sole purpose of programming logic devices manufactured by
Intel and sold by Intel or its authorized distributors.  Please
refer to the applicable agreement for further details, at
https://fpgasoftware.intel.com/eula.



+---------------------------------------------------------------+
; Assembler Summary                                             ;
+-----------------------+---------------------------------------+
<<<<<<< HEAD
; Assembler Status      ; Successful - Thu Sep 12 11:05:44 2024 ;
=======
; Assembler Status      ; Successful - Thu Sep 12 10:06:35 2024 ;
>>>>>>> 9cea7b3c11b2e9ccfe0f368c8112d0e03173352b
; Revision Name         ; sramdisplay                           ;
; Top-level Entity Name ; top_module                            ;
; Family                ; Cyclone IV E                          ;
; Device                ; EP4CE115F29C7                         ;
+-----------------------+---------------------------------------+


+----------------------------------+
; Assembler Settings               ;
+--------+---------+---------------+
; Option ; Setting ; Default Value ;
+--------+---------+---------------+


+-------------------------------------------------------------------------+
; Assembler Generated Files                                               ;
+-------------------------------------------------------------------------+
; File Name                                                               ;
+-------------------------------------------------------------------------+
; C:/intelFPGA_lite/Internship/SRAM_LCD_FPGA/output_files/sramdisplay.sof ;
+-------------------------------------------------------------------------+


+---------------------------------------------------------------------------------------------------+
; Assembler Device Options: C:/intelFPGA_lite/Internship/SRAM_LCD_FPGA/output_files/sramdisplay.sof ;
+----------------+----------------------------------------------------------------------------------+
; Option         ; Setting                                                                          ;
+----------------+----------------------------------------------------------------------------------+
<<<<<<< HEAD
; JTAG usercode  ; 0x005D1C64                                                                       ;
; Checksum       ; 0x005D1C64                                                                       ;
=======
; JTAG usercode  ; 0x005D9B88                                                                       ;
; Checksum       ; 0x005D9B88                                                                       ;
>>>>>>> 9cea7b3c11b2e9ccfe0f368c8112d0e03173352b
+----------------+----------------------------------------------------------------------------------+


+--------------------+
; Assembler Messages ;
+--------------------+
Info: *******************************************************************
Info: Running Quartus Prime Assembler
    Info: Version 23.1std.1 Build 993 05/14/2024 SC Lite Edition
<<<<<<< HEAD
    Info: Processing started: Thu Sep 12 11:05:42 2024
=======
    Info: Processing started: Thu Sep 12 10:06:30 2024
>>>>>>> 9cea7b3c11b2e9ccfe0f368c8112d0e03173352b
Info: Command: quartus_asm --read_settings_files=off --write_settings_files=off SRAM_LCD_FPGA -c sramdisplay
Warning (18236): Number of processors has not been specified which may cause overloading on shared machines.  Set the global assignment NUM_PARALLEL_PROCESSORS in your QSF to an appropriate value for best performance.
Info (115031): Writing out detailed assembly data for power analysis
Info (115030): Assembler is generating device programming files
Info: Quartus Prime Assembler was successful. 0 errors, 1 warning
<<<<<<< HEAD
    Info: Peak virtual memory: 4699 megabytes
    Info: Processing ended: Thu Sep 12 11:05:44 2024
    Info: Elapsed time: 00:00:02
    Info: Total CPU time (on all processors): 00:00:02
=======
    Info: Peak virtual memory: 4708 megabytes
    Info: Processing ended: Thu Sep 12 10:06:36 2024
    Info: Elapsed time: 00:00:06
    Info: Total CPU time (on all processors): 00:00:05
>>>>>>> 9cea7b3c11b2e9ccfe0f368c8112d0e03173352b


